<?xml version="1.0" encoding="UTF-8"?>
<!-- Generated by org.testng.reporters.JUnitXMLReporter -->
<testsuite ignored="0" hostname="Hussain" failures="0" tests="6" name="Test" time="0.152" errors="0" timestamp="2021-03-22T15:32:13 EDT">
  <testcase classname="qaclickacademy.Mavenjava1.RestAPITest" name="BrowserAutomation" time="0.021"/>
  <testcase classname="qaclickacademy.Mavenjava1.RestAPITest" name="deleteTwitter" time="0.008"/>
  <testcase classname="qaclickacademy.Mavenjava1.RestAPITest" name="elementsUI" time="0.003"/>
  <testcase classname="qaclickacademy.Mavenjava1.RestAPITest" name="postJira" time="0.002"/>
  <testcase classname="qaclickacademy.Mavenjava1.AppiumTest" name="IOSApps" time="0.003"/>
  <testcase classname="qaclickacademy.Mavenjava1.AppiumTest" name="NativeAppAndroid" time="0.003"/>
</testsuite> <!-- Test -->
