<?xml version="1.0" encoding="UTF-8"?>
<!-- Generated by org.testng.reporters.JUnitXMLReporter -->
<testsuite ignored="0" hostname="Hussain" failures="0" tests="6" name="Test" time="0.112" errors="0" timestamp="2021-03-22T15:32:55 EDT">
  <testcase classname="qaclickacademy.Mavenjava1.RestAPITest" name="BrowserAutomation" time="0.006"/>
  <testcase classname="qaclickacademy.Mavenjava1.RestAPITest" name="deleteTwitter" time="0.001"/>
  <testcase classname="qaclickacademy.Mavenjava1.RestAPITest" name="elementsUI" time="0.001"/>
  <testcase classname="qaclickacademy.Mavenjava1.RestAPITest" name="postJira" time="0.0"/>
  <testcase classname="qaclickacademy.Mavenjava1.AppiumTest" name="IOSApps" time="0.0"/>
  <testcase classname="qaclickacademy.Mavenjava1.AppiumTest" name="NativeAppAndroid" time="0.001"/>
</testsuite> <!-- Test -->
