<?xml version="1.0" encoding="UTF-8"?>
<testng-results ignored="0" total="2" passed="2" failed="0" skipped="0">
  <reporter-output>
  </reporter-output>
  <suite started-at="2021-03-22T15:43:27 EDT" name="Surefire suite" finished-at="2021-03-22T15:43:27 EDT" duration-ms="96">
    <groups>
    </groups>
    <test started-at="2021-03-22T15:43:27 EDT" name="Surefire test" finished-at="2021-03-22T15:43:27 EDT" duration-ms="96">
      <class name="qaclickacademy.Mavenjava1.AppiumTest">
        <test-method signature="IOSApps()[pri:0, instance:qaclickacademy.Mavenjava1.AppiumTest@6b0c2d26]" started-at="2021-03-22T15:43:27 EDT" name="IOSApps" finished-at="2021-03-22T15:43:27 EDT" duration-ms="6" status="PASS">
          <reporter-output>
          </reporter-output>
        </test-method> <!-- IOSApps -->
        <test-method signature="NativeAppAndroid()[pri:0, instance:qaclickacademy.Mavenjava1.AppiumTest@6b0c2d26]" started-at="2021-03-22T15:43:27 EDT" name="NativeAppAndroid" finished-at="2021-03-22T15:43:27 EDT" duration-ms="1" status="PASS">
          <reporter-output>
          </reporter-output>
        </test-method> <!-- NativeAppAndroid -->
      </class> <!-- qaclickacademy.Mavenjava1.AppiumTest -->
    </test> <!-- Surefire test -->
  </suite> <!-- Surefire suite -->
</testng-results>
