<?xml version="1.0" encoding="UTF-8"?>
<testng-results ignored="0" total="6" passed="6" failed="0" skipped="0">
  <reporter-output>
  </reporter-output>
  <suite started-at="2021-03-22T15:32:13 EDT" name="Suite" finished-at="2021-03-22T15:32:13 EDT" duration-ms="152">
    <groups>
    </groups>
    <test started-at="2021-03-22T15:32:13 EDT" name="Test" finished-at="2021-03-22T15:32:13 EDT" duration-ms="152">
      <class name="qaclickacademy.Mavenjava1.AppiumTest">
        <test-method signature="IOSApps()[pri:0, instance:qaclickacademy.Mavenjava1.AppiumTest@1bb266b3]" started-at="2021-03-22T15:32:13 EDT" name="IOSApps" finished-at="2021-03-22T15:32:13 EDT" duration-ms="3" status="PASS">
          <reporter-output>
          </reporter-output>
        </test-method> <!-- IOSApps -->
        <test-method signature="NativeAppAndroid()[pri:0, instance:qaclickacademy.Mavenjava1.AppiumTest@1bb266b3]" started-at="2021-03-22T15:32:13 EDT" name="NativeAppAndroid" finished-at="2021-03-22T15:32:13 EDT" duration-ms="3" status="PASS">
          <reporter-output>
          </reporter-output>
        </test-method> <!-- NativeAppAndroid -->
      </class> <!-- qaclickacademy.Mavenjava1.AppiumTest -->
      <class name="qaclickacademy.Mavenjava1.RestAPITest">
        <test-method signature="BrowserAutomation()[pri:0, instance:qaclickacademy.Mavenjava1.RestAPITest@4e268090]" started-at="2021-03-22T15:32:13 EDT" name="BrowserAutomation" finished-at="2021-03-22T15:32:13 EDT" duration-ms="21" status="PASS">
          <reporter-output>
          </reporter-output>
        </test-method> <!-- BrowserAutomation -->
        <test-method signature="deleteTwitter()[pri:0, instance:qaclickacademy.Mavenjava1.RestAPITest@4e268090]" started-at="2021-03-22T15:32:13 EDT" name="deleteTwitter" finished-at="2021-03-22T15:32:13 EDT" duration-ms="8" status="PASS">
          <reporter-output>
          </reporter-output>
        </test-method> <!-- deleteTwitter -->
        <test-method signature="elementsUI()[pri:0, instance:qaclickacademy.Mavenjava1.RestAPITest@4e268090]" started-at="2021-03-22T15:32:13 EDT" name="elementsUI" finished-at="2021-03-22T15:32:13 EDT" duration-ms="3" status="PASS">
          <reporter-output>
          </reporter-output>
        </test-method> <!-- elementsUI -->
        <test-method signature="postJira()[pri:0, instance:qaclickacademy.Mavenjava1.RestAPITest@4e268090]" started-at="2021-03-22T15:32:13 EDT" name="postJira" finished-at="2021-03-22T15:32:13 EDT" duration-ms="2" status="PASS">
          <reporter-output>
          </reporter-output>
        </test-method> <!-- postJira -->
      </class> <!-- qaclickacademy.Mavenjava1.RestAPITest -->
    </test> <!-- Test -->
  </suite> <!-- Suite -->
</testng-results>
